<?xml version="1.0" encoding="UTF-8"?>
<!-- Generated by org.testng.reporters.JUnitXMLReporter -->
<testsuite ignored="0" hostname="Balanathan" failures="0" tests="4" name="Default test" time="120.026" errors="0" timestamp="2022-04-27T11:21:10 IST">
  <testcase classname="testcases.LoginPageTest" name="LoginPageTitleTest" time="1.28"/>
  <testcase classname="testcases.LoginPageTest" name="LoginPageImageVerification" time="11.135"/>
  <testcase classname="testcases.LoginPageTest" name="ForgotPasswordImageVerification" time="5.678"/>
  <testcase classname="testcases.LoginPageTest" name="LoginTest" time="2.905"/>
</testsuite> <!-- Default test -->
