<?xml version="1.0" encoding="UTF-8"?>
<!-- Generated by org.testng.reporters.JUnitXMLReporter -->
<testsuite hostname="test" name="Command line test" tests="15" failures="1" timestamp="28 Jul 2021 06:37:43 GMT" time="14.893" errors="0">
  <testcase name="@BeforeMethod setup" time="0.0" classname="testcases.DashboardPageTest">
    <failure type="java.lang.NullPointerException">
      <![CDATA[java.lang.NullPointerException
	at org.openqa.selenium.support.pagefactory.DefaultElementLocator.findElement(DefaultElementLocator.java:69)
	at org.openqa.selenium.support.pagefactory.internal.LocatingElementHandler.invoke(LocatingElementHandler.java:38)
	at com.sun.proxy.$Proxy8.sendKeys(Unknown Source)
	at pages.LoginPage.Login(LoginPage.java:86)
	at testcases.DashboardPageTest.setup(DashboardPageTest.java:39)
	at testcases.TestRunner.main(TestRunner.java:11)
... Removed 23 stack frames]]>
    </failure>
  </testcase> <!-- @BeforeMethod setup -->
  <testcase name="@AfterMethod tearDown" time="0.0" classname="testcases.DashboardPageTest">
    <skipped/>
  </testcase> <!-- @AfterMethod tearDown -->
  <testcase name="@AfterMethod tearDown" time="0.0" classname="testcases.LoginPageTest">
    <failure type="java.lang.NullPointerException">
      <![CDATA[java.lang.NullPointerException
	at testcases.LoginPageTest.tearDown(LoginPageTest.java:57)
	at testcases.TestRunner.main(TestRunner.java:11)
... Removed 23 stack frames]]>
    </failure>
  </testcase> <!-- @AfterMethod tearDown -->
  <testcase name="@BeforeMethod setup" time="0.0" classname="testcases.DashboardPageTest">
    <skipped/>
  </testcase> <!-- @BeforeMethod setup -->
  <testcase name="@AfterMethod tearDown" time="0.0" classname="testcases.DashboardPageTest">
    <skipped/>
  </testcase> <!-- @AfterMethod tearDown -->
  <testcase name="@BeforeMethod setup" time="0.0" classname="testcases.HomePageTest">
    <failure type="java.lang.NullPointerException">
      <![CDATA[java.lang.NullPointerException
	at org.openqa.selenium.support.pagefactory.DefaultElementLocator.findElement(DefaultElementLocator.java:69)
	at org.openqa.selenium.support.pagefactory.internal.LocatingElementHandler.invoke(LocatingElementHandler.java:38)
	at com.sun.proxy.$Proxy8.sendKeys(Unknown Source)
	at pages.LoginPage.Login(LoginPage.java:86)
	at testcases.HomePageTest.setup(HomePageTest.java:35)
	at testcases.TestRunner.main(TestRunner.java:11)
... Removed 23 stack frames]]>
    </failure>
  </testcase> <!-- @BeforeMethod setup -->
  <testcase name="@AfterMethod tearDown" time="0.0" classname="testcases.HomePageTest">
    <skipped/>
  </testcase> <!-- @AfterMethod tearDown -->
  <testcase name="@BeforeMethod setup" time="0.0" classname="testcases.DashboardPageTest">
    <skipped/>
  </testcase> <!-- @BeforeMethod setup -->
  <testcase name="@AfterMethod tearDown" time="0.0" classname="testcases.DashboardPageTest">
    <skipped/>
  </testcase> <!-- @AfterMethod tearDown -->
  <testcase name="@BeforeMethod setup" time="0.0" classname="testcases.DashboardPageTest">
    <skipped/>
  </testcase> <!-- @BeforeMethod setup -->
  <testcase name="@AfterMethod tearDown" time="0.0" classname="testcases.DashboardPageTest">
    <skipped/>
  </testcase> <!-- @AfterMethod tearDown -->
  <testcase name="@BeforeMethod setup" time="0.0" classname="testcases.DashboardPageTest">
    <skipped/>
  </testcase> <!-- @BeforeMethod setup -->
  <testcase name="@AfterMethod tearDown" time="0.0" classname="testcases.DashboardPageTest">
    <skipped/>
  </testcase> <!-- @AfterMethod tearDown -->
  <testcase name="@BeforeMethod setup" time="0.0" classname="testcases.DashboardPageTest">
    <skipped/>
  </testcase> <!-- @BeforeMethod setup -->
  <testcase name="@AfterMethod tearDown" time="0.0" classname="testcases.DashboardPageTest">
    <skipped/>
  </testcase> <!-- @AfterMethod tearDown -->
  <testcase name="@BeforeMethod setup" time="0.0" classname="testcases.DashboardPageTest">
    <skipped/>
  </testcase> <!-- @BeforeMethod setup -->
  <testcase name="@AfterMethod tearDown" time="0.0" classname="testcases.DashboardPageTest">
    <skipped/>
  </testcase> <!-- @AfterMethod tearDown -->
  <testcase name="@BeforeMethod setup" time="0.0" classname="testcases.DashboardPageTest">
    <skipped/>
  </testcase> <!-- @BeforeMethod setup -->
  <testcase name="@AfterMethod tearDown" time="0.0" classname="testcases.DashboardPageTest">
    <skipped/>
  </testcase> <!-- @AfterMethod tearDown -->
  <testcase name="@BeforeMethod setup" time="0.0" classname="testcases.DashboardPageTest">
    <skipped/>
  </testcase> <!-- @BeforeMethod setup -->
  <testcase name="@AfterMethod tearDown" time="0.0" classname="testcases.DashboardPageTest">
    <skipped/>
  </testcase> <!-- @AfterMethod tearDown -->
  <testcase name="@BeforeMethod setup" time="0.0" classname="testcases.DashboardPageTest">
    <skipped/>
  </testcase> <!-- @BeforeMethod setup -->
  <testcase name="@AfterMethod tearDown" time="0.0" classname="testcases.DashboardPageTest">
    <skipped/>
  </testcase> <!-- @AfterMethod tearDown -->
  <testcase name="@BeforeMethod setup" time="0.0" classname="testcases.DashboardPageTest">
    <skipped/>
  </testcase> <!-- @BeforeMethod setup -->
  <testcase name="@AfterMethod tearDown" time="0.0" classname="testcases.DashboardPageTest">
    <skipped/>
  </testcase> <!-- @AfterMethod tearDown -->
  <testcase name="@BeforeMethod setup" time="0.0" classname="testcases.DashboardPageTest">
    <skipped/>
  </testcase> <!-- @BeforeMethod setup -->
  <testcase name="@AfterMethod tearDown" time="0.0" classname="testcases.DashboardPageTest">
    <skipped/>
  </testcase> <!-- @AfterMethod tearDown -->
  <testcase name="@BeforeMethod setup" time="0.0" classname="testcases.DashboardPageTest">
    <skipped/>
  </testcase> <!-- @BeforeMethod setup -->
  <testcase name="@AfterMethod tearDown" time="0.0" classname="testcases.DashboardPageTest">
    <skipped/>
  </testcase> <!-- @AfterMethod tearDown -->
  <testcase name="DashboardPageSection1" time="0.001" classname="testcases.DashboardPageTest">
    <skipped/>
  </testcase> <!-- DashboardPageSection1 -->
  <testcase name="LoginPageLogo" time="0.268" classname="testcases.LoginPageTest">
    <failure type="java.lang.RuntimeException" message="java.lang.NullPointerException">
      <![CDATA[java.lang.RuntimeException: java.lang.NullPointerException
	at ru.yandex.qatools.ashot.util.InnerScript.execute(InnerScript.java:32)
	at ru.yandex.qatools.ashot.shooting.ViewportPastingDecorator.getFullHeight(ViewportPastingDecorator.java:67)
	at ru.yandex.qatools.ashot.shooting.ViewportPastingDecorator.getScreenshot(ViewportPastingDecorator.java:41)
	at ru.yandex.qatools.ashot.shooting.ViewportPastingDecorator.getScreenshot(ViewportPastingDecorator.java:35)
	at ru.yandex.qatools.ashot.AShot.takeScreenshot(AShot.java:145)
	at pages.LoginPage.ValidateLogo(LoginPage.java:61)
	at testcases.LoginPageTest.LoginPageLogo(LoginPageTest.java:43)
	at testcases.TestRunner.main(TestRunner.java:11)
Caused by: java.lang.NullPointerException
	at ru.yandex.qatools.ashot.util.InnerScript.execute(InnerScript.java:30)
	... 28 more
... Removed 21 stack frames]]>
    </failure>
  </testcase> <!-- LoginPageLogo -->
  <testcase name="DashboardPageSection2" time="0.0" classname="testcases.DashboardPageTest">
    <skipped/>
  </testcase> <!-- DashboardPageSection2 -->
  <testcase name="ProjectNameVerification" time="0.0" classname="testcases.HomePageTest">
    <skipped/>
  </testcase> <!-- ProjectNameVerification -->
  <testcase name="DashboardPageSection3" time="0.0" classname="testcases.DashboardPageTest">
    <skipped/>
  </testcase> <!-- DashboardPageSection3 -->
  <testcase name="DashboardPageSection4" time="0.0" classname="testcases.DashboardPageTest">
    <skipped/>
  </testcase> <!-- DashboardPageSection4 -->
  <testcase name="Entity" time="0.0" classname="testcases.DashboardPageTest">
    <skipped/>
  </testcase> <!-- Entity -->
  <testcase name="DashboardPageSection5" time="0.0" classname="testcases.DashboardPageTest">
    <skipped/>
  </testcase> <!-- DashboardPageSection5 -->
  <testcase name="DashboardPageSection6" time="0.0" classname="testcases.DashboardPageTest">
    <skipped/>
  </testcase> <!-- DashboardPageSection6 -->
  <testcase name="DashboardPageSection7" time="0.0" classname="testcases.DashboardPageTest">
    <skipped/>
  </testcase> <!-- DashboardPageSection7 -->
  <testcase name="DashboardPageSection8" time="0.0" classname="testcases.DashboardPageTest">
    <skipped/>
  </testcase> <!-- DashboardPageSection8 -->
  <testcase name="DashboardPageSection9" time="0.0" classname="testcases.DashboardPageTest">
    <skipped/>
  </testcase> <!-- DashboardPageSection9 -->
  <testcase name="DashboardPageSection10" time="0.0" classname="testcases.DashboardPageTest">
    <skipped/>
  </testcase> <!-- DashboardPageSection10 -->
  <testcase name="DashboardPageSection11" time="0.0" classname="testcases.DashboardPageTest">
    <skipped/>
  </testcase> <!-- DashboardPageSection11 -->
  <testcase name="DetailsPageSelection" time="0.0" classname="testcases.DashboardPageTest">
    <skipped/>
  </testcase> <!-- DetailsPageSelection -->
</testsuite> <!-- Command line test -->
