<?xml version="1.0" encoding="UTF-8"?>
<!-- Generated by org.testng.reporters.JUnitXMLReporter -->
<testsuite ignored="0" hostname="Balanathan" failures="0" tests="10" name="InSightTest Test Cases1" time="243.342" errors="0" timestamp="2022-04-27T15:21:31 IST">
  <testcase classname="testcases.HomePageTest" name="HomePageImage" time="10.125"/>
  <testcase classname="testcases.HomePageTest" name="HomePageSection1" time="5.737"/>
  <testcase classname="testcases.HomePageTest" name="HomePageSection2" time="4.481"/>
  <testcase classname="testcases.HomePageTest" name="HomePageTab1" time="3.324"/>
  <testcase classname="testcases.HomePageTest" name="HomePageTab2" time="4.75"/>
  <testcase classname="testcases.HomePageTest" name="HomePageDropdownVerification" time="4.666"/>
  <testcase classname="testcases.HomePageTest" name="ProjectNameinTableView" time="9.31"/>
  <testcase classname="testcases.HomePageTest" name="SearchByContractorSearchTest" time="14.442"/>
  <testcase classname="testcases.HomePageTest" name="SingleContractorView" time="11.039"/>
  <testcase classname="testcases.HomePageTest" name="projectselection" time="3.945"/>
</testsuite> <!-- InSightTest Test Cases1 -->
