<?xml version="1.0" encoding="UTF-8"?>
<!-- Generated by org.testng.reporters.JUnitXMLReporter -->
<testsuite ignored="0" hostname="Balanathan" failures="0" tests="4" name="InSightTest Test Cases" time="111.43" errors="0" timestamp="2022-04-27T15:17:28 IST">
  <testcase classname="testcases.LoginPageTest" name="LoginPageTitleTest" time="0.288"/>
  <testcase classname="testcases.LoginPageTest" name="LoginPageImageVerification" time="13.246"/>
  <testcase classname="testcases.LoginPageTest" name="ForgotPasswordImageVerification" time="6.371"/>
  <testcase classname="testcases.LoginPageTest" name="LoginTest" time="2.487"/>
</testsuite> <!-- InSightTest Test Cases -->
